<?xml version="1.0" encoding="UTF-8"?>
<!-- Generated by org.testng.reporters.JUnitXMLReporter -->
<testsuite ignored="3" hostname="DESKTOP-MLKCMBH" failures="0" tests="1" name="Default test" time="45.76" errors="0" timestamp="2024-10-24T15:40:43 EET">
  <testcase classname="MyTestCase" name="AddItemToThecart" time="35.649"/>
  <testcase classname="MyTestCase" name="Login" time="0.0">
    <ignored/>
  </testcase> <!-- Login -->
  <testcase classname="MyTestCase" name="signUp" time="0.0">
    <ignored/>
  </testcase> <!-- signUp -->
  <testcase classname="MyTestCase" name="Logout" time="0.0">
    <ignored/>
  </testcase> <!-- Logout -->
</testsuite> <!-- Default test -->
